
*** Running vivado
    with args -log i2c_txtlcd_top.vds -m64 -product Vivado -mode batch -messageDb vivado.pb -notrace -source i2c_txtlcd_top.tcl


****** Vivado v2019.2 (64-bit)
  **** SW Build 2708876 on Wed Nov  6 21:40:23 MST 2019
  **** IP Build 2700528 on Thu Nov  7 00:09:20 MST 2019
    ** Copyright 1986-2019 Xilinx, Inc. All Rights Reserved.

source i2c_txtlcd_top.tcl -notrace
Command: synth_design -top i2c_txtlcd_top -part xc7a35tcpg236-1
Starting synth_design
Attempting to get a license for feature 'Synthesis' and/or device 'xc7a35t'
INFO: [Common 17-349] Got license for feature 'Synthesis' and/or device 'xc7a35t'
INFO: [Device 21-403] Loading part xc7a35tcpg236-1
INFO: Launching helper process for spawning children vivado processes
INFO: Helper process launched with PID 15416 
WARNING: [Synth 8-992] watch_sec1 is already implicitly declared earlier [C:/kyh/0612/0612.srcs/sources_1/new/test_top.v:145]
WARNING: [Synth 8-992] watch_sec10 is already implicitly declared earlier [C:/kyh/0612/0612.srcs/sources_1/new/test_top.v:145]
WARNING: [Synth 8-992] watch_min1 is already implicitly declared earlier [C:/kyh/0612/0612.srcs/sources_1/new/test_top.v:145]
WARNING: [Synth 8-992] watch_min10 is already implicitly declared earlier [C:/kyh/0612/0612.srcs/sources_1/new/test_top.v:145]
WARNING: [Synth 8-992] set_sec1 is already implicitly declared earlier [C:/kyh/0612/0612.srcs/sources_1/new/test_top.v:146]
WARNING: [Synth 8-992] set_sec10 is already implicitly declared earlier [C:/kyh/0612/0612.srcs/sources_1/new/test_top.v:146]
WARNING: [Synth 8-992] set_min1 is already implicitly declared earlier [C:/kyh/0612/0612.srcs/sources_1/new/test_top.v:146]
WARNING: [Synth 8-992] set_min10 is already implicitly declared earlier [C:/kyh/0612/0612.srcs/sources_1/new/test_top.v:146]
---------------------------------------------------------------------------------
Starting RTL Elaboration : Time (s): cpu = 00:00:06 ; elapsed = 00:00:06 . Memory (MB): peak = 1172.676 ; gain = 233.555
---------------------------------------------------------------------------------
INFO: [Synth 8-6157] synthesizing module 'i2c_txtlcd_top' [C:/kyh/0612/0612.srcs/sources_1/new/test_top.v:716]
	Parameter IDLE bound to: 6'b000001 
	Parameter INIT bound to: 6'b000010 
	Parameter SEND_DATA bound to: 6'b000100 
	Parameter SEND_COMMAND bound to: 6'b001000 
	Parameter SEND_STRING bound to: 6'b010000 
INFO: [Synth 8-6157] synthesizing module 'clock_div_100' [C:/kyh/0612/0612.srcs/sources_1/new/clock_library.v:23]
INFO: [Synth 8-6157] synthesizing module 'edge_detector_n' [C:/kyh/0612/0612.srcs/sources_1/new/exam02_sequential_logic.v:290]
INFO: [Synth 8-6155] done synthesizing module 'edge_detector_n' (1#1) [C:/kyh/0612/0612.srcs/sources_1/new/exam02_sequential_logic.v:290]
WARNING: [Synth 8-7023] instance 'ed' of module 'edge_detector_n' has 5 connections declared, but only 4 given [C:/kyh/0612/0612.srcs/sources_1/new/clock_library.v:40]
INFO: [Synth 8-6155] done synthesizing module 'clock_div_100' (2#1) [C:/kyh/0612/0612.srcs/sources_1/new/clock_library.v:23]
WARNING: [Synth 8-7023] instance 'usec_clk' of module 'clock_div_100' has 4 connections declared, but only 3 given [C:/kyh/0612/0612.srcs/sources_1/new/test_top.v:730]
INFO: [Synth 8-6157] synthesizing module 'button_cntr' [C:/kyh/0612/0612.srcs/sources_1/new/controler.v:44]
INFO: [Synth 8-6157] synthesizing module 'edge_detector_p' [C:/kyh/0612/0612.srcs/sources_1/new/exam02_sequential_logic.v:269]
INFO: [Synth 8-6155] done synthesizing module 'edge_detector_p' (3#1) [C:/kyh/0612/0612.srcs/sources_1/new/exam02_sequential_logic.v:269]
WARNING: [Synth 8-7023] instance 'ed_clk' of module 'edge_detector_p' has 5 connections declared, but only 4 given [C:/kyh/0612/0612.srcs/sources_1/new/controler.v:53]
INFO: [Synth 8-6155] done synthesizing module 'button_cntr' (4#1) [C:/kyh/0612/0612.srcs/sources_1/new/controler.v:44]
WARNING: [Synth 8-7023] instance 'btn0' of module 'button_cntr' has 5 connections declared, but only 4 given [C:/kyh/0612/0612.srcs/sources_1/new/test_top.v:742]
WARNING: [Synth 8-7023] instance 'btn1' of module 'button_cntr' has 5 connections declared, but only 4 given [C:/kyh/0612/0612.srcs/sources_1/new/test_top.v:744]
WARNING: [Synth 8-7023] instance 'btn2' of module 'button_cntr' has 5 connections declared, but only 4 given [C:/kyh/0612/0612.srcs/sources_1/new/test_top.v:746]
WARNING: [Synth 8-7023] instance 'btn3' of module 'button_cntr' has 5 connections declared, but only 4 given [C:/kyh/0612/0612.srcs/sources_1/new/test_top.v:748]
INFO: [Synth 8-6157] synthesizing module 'i2c_lcd_send_byte' [C:/kyh/0612/0612.srcs/sources_1/new/controler.v:860]
	Parameter IDLE bound to: 6'b000001 
	Parameter SEND_HIGH_NIBBLE_DISABLE bound to: 6'b000010 
	Parameter SEND_HIGH_NIBBLE_ENABLE bound to: 6'b000100 
	Parameter SEND_LOW_NIBBLE_DISABLE bound to: 6'b001000 
	Parameter SEND_LOW_NIBBLE_ENABLE bound to: 6'b010000 
	Parameter SEND_DISABLE bound to: 6'b100000 
WARNING: [Synth 8-7023] instance 'ed_go' of module 'edge_detector_n' has 5 connections declared, but only 4 given [C:/kyh/0612/0612.srcs/sources_1/new/controler.v:881]
WARNING: [Synth 8-7023] instance 'usec_clk' of module 'clock_div_100' has 4 connections declared, but only 3 given [C:/kyh/0612/0612.srcs/sources_1/new/controler.v:884]
INFO: [Synth 8-155] case statement is not full and has no default [C:/kyh/0612/0612.srcs/sources_1/new/controler.v:910]
INFO: [Synth 8-6157] synthesizing module 'I2C_master' [C:/kyh/0612/0612.srcs/sources_1/new/controler.v:721]
	Parameter IDLE bound to: 7'b0000001 
	Parameter COMM_START bound to: 7'b0000010 
	Parameter SEND_ADDR bound to: 7'b0000100 
	Parameter RD_ACK bound to: 7'b0001000 
	Parameter SEND_DATA bound to: 7'b0010000 
	Parameter SCL_STOP bound to: 7'b0100000 
	Parameter COMM_STOP bound to: 7'b1000000 
WARNING: [Synth 8-7023] instance 'usec_clk' of module 'clock_div_100' has 4 connections declared, but only 3 given [C:/kyh/0612/0612.srcs/sources_1/new/controler.v:743]
WARNING: [Synth 8-7023] instance 'ed_go' of module 'edge_detector_n' has 5 connections declared, but only 4 given [C:/kyh/0612/0612.srcs/sources_1/new/controler.v:777]
INFO: [Synth 8-155] case statement is not full and has no default [C:/kyh/0612/0612.srcs/sources_1/new/controler.v:798]
WARNING: [Synth 8-3848] Net led_d in module/entity I2C_master does not have driver. [C:/kyh/0612/0612.srcs/sources_1/new/controler.v:728]
INFO: [Synth 8-6155] done synthesizing module 'I2C_master' (5#1) [C:/kyh/0612/0612.srcs/sources_1/new/controler.v:721]
WARNING: [Synth 8-689] width (1) of port connection 'led_d' does not match port width (16) of module 'I2C_master' [C:/kyh/0612/0612.srcs/sources_1/new/controler.v:982]
WARNING: [Synth 8-3848] Net led in module/entity i2c_lcd_send_byte does not have driver. [C:/kyh/0612/0612.srcs/sources_1/new/controler.v:867]
INFO: [Synth 8-6155] done synthesizing module 'i2c_lcd_send_byte' (6#1) [C:/kyh/0612/0612.srcs/sources_1/new/controler.v:860]
INFO: [Synth 8-155] case statement is not full and has no default [C:/kyh/0612/0612.srcs/sources_1/new/test_top.v:812]
INFO: [Synth 8-155] case statement is not full and has no default [C:/kyh/0612/0612.srcs/sources_1/new/test_top.v:858]
INFO: [Synth 8-155] case statement is not full and has no default [C:/kyh/0612/0612.srcs/sources_1/new/test_top.v:783]
WARNING: [Synth 8-5788] Register count_usec_e_reg in module i2c_txtlcd_top is has both Set and reset with same priority. This may cause simulation mismatches. Consider rewriting code  [C:/kyh/0612/0612.srcs/sources_1/new/test_top.v:794]
WARNING: [Synth 8-5788] Register send_reg in module i2c_txtlcd_top is has both Set and reset with same priority. This may cause simulation mismatches. Consider rewriting code  [C:/kyh/0612/0612.srcs/sources_1/new/test_top.v:757]
WARNING: [Synth 8-5788] Register send_buffer_reg in module i2c_txtlcd_top is has both Set and reset with same priority. This may cause simulation mismatches. Consider rewriting code  [C:/kyh/0612/0612.srcs/sources_1/new/test_top.v:756]
INFO: [Synth 8-6155] done synthesizing module 'i2c_txtlcd_top' (7#1) [C:/kyh/0612/0612.srcs/sources_1/new/test_top.v:716]
WARNING: [Synth 8-3331] design I2C_master has unconnected port led_d[15]
WARNING: [Synth 8-3331] design I2C_master has unconnected port led_d[14]
WARNING: [Synth 8-3331] design I2C_master has unconnected port led_d[13]
WARNING: [Synth 8-3331] design I2C_master has unconnected port led_d[12]
WARNING: [Synth 8-3331] design I2C_master has unconnected port led_d[11]
WARNING: [Synth 8-3331] design I2C_master has unconnected port led_d[10]
WARNING: [Synth 8-3331] design I2C_master has unconnected port led_d[9]
WARNING: [Synth 8-3331] design I2C_master has unconnected port led_d[8]
WARNING: [Synth 8-3331] design I2C_master has unconnected port led_d[7]
WARNING: [Synth 8-3331] design I2C_master has unconnected port led_d[6]
WARNING: [Synth 8-3331] design I2C_master has unconnected port led_d[5]
WARNING: [Synth 8-3331] design I2C_master has unconnected port led_d[4]
WARNING: [Synth 8-3331] design I2C_master has unconnected port led_d[3]
WARNING: [Synth 8-3331] design I2C_master has unconnected port led_d[2]
WARNING: [Synth 8-3331] design I2C_master has unconnected port led_d[1]
WARNING: [Synth 8-3331] design I2C_master has unconnected port led_d[0]
WARNING: [Synth 8-3331] design i2c_lcd_send_byte has unconnected port led[15]
WARNING: [Synth 8-3331] design i2c_lcd_send_byte has unconnected port led[14]
WARNING: [Synth 8-3331] design i2c_lcd_send_byte has unconnected port led[13]
WARNING: [Synth 8-3331] design i2c_lcd_send_byte has unconnected port led[12]
WARNING: [Synth 8-3331] design i2c_lcd_send_byte has unconnected port led[11]
WARNING: [Synth 8-3331] design i2c_lcd_send_byte has unconnected port led[10]
WARNING: [Synth 8-3331] design i2c_lcd_send_byte has unconnected port led[9]
WARNING: [Synth 8-3331] design i2c_lcd_send_byte has unconnected port led[8]
WARNING: [Synth 8-3331] design i2c_lcd_send_byte has unconnected port led[7]
WARNING: [Synth 8-3331] design i2c_lcd_send_byte has unconnected port led[6]
WARNING: [Synth 8-3331] design i2c_lcd_send_byte has unconnected port led[5]
WARNING: [Synth 8-3331] design i2c_lcd_send_byte has unconnected port led[4]
WARNING: [Synth 8-3331] design i2c_lcd_send_byte has unconnected port led[3]
WARNING: [Synth 8-3331] design i2c_lcd_send_byte has unconnected port led[2]
WARNING: [Synth 8-3331] design i2c_lcd_send_byte has unconnected port led[1]
WARNING: [Synth 8-3331] design i2c_lcd_send_byte has unconnected port led[0]
WARNING: [Synth 8-3331] design i2c_lcd_send_byte has unconnected port addr[6]
WARNING: [Synth 8-3331] design i2c_lcd_send_byte has unconnected port addr[5]
WARNING: [Synth 8-3331] design i2c_lcd_send_byte has unconnected port addr[4]
WARNING: [Synth 8-3331] design i2c_lcd_send_byte has unconnected port addr[3]
WARNING: [Synth 8-3331] design i2c_lcd_send_byte has unconnected port addr[2]
WARNING: [Synth 8-3331] design i2c_lcd_send_byte has unconnected port addr[1]
WARNING: [Synth 8-3331] design i2c_lcd_send_byte has unconnected port addr[0]
---------------------------------------------------------------------------------
Finished RTL Elaboration : Time (s): cpu = 00:00:07 ; elapsed = 00:00:08 . Memory (MB): peak = 1222.023 ; gain = 282.902
---------------------------------------------------------------------------------

Report Check Netlist: 
+------+------------------+-------+---------+-------+------------------+
|      |Item              |Errors |Warnings |Status |Description       |
+------+------------------+-------+---------+-------+------------------+
|1     |multi_driven_nets |      0|        0|Passed |Multi driven nets |
+------+------------------+-------+---------+-------+------------------+
---------------------------------------------------------------------------------
Start Handling Custom Attributes
---------------------------------------------------------------------------------
---------------------------------------------------------------------------------
Finished Handling Custom Attributes : Time (s): cpu = 00:00:08 ; elapsed = 00:00:08 . Memory (MB): peak = 1222.023 ; gain = 282.902
---------------------------------------------------------------------------------
---------------------------------------------------------------------------------
Finished RTL Optimization Phase 1 : Time (s): cpu = 00:00:08 ; elapsed = 00:00:08 . Memory (MB): peak = 1222.023 ; gain = 282.902
---------------------------------------------------------------------------------
Netlist sorting complete. Time (s): cpu = 00:00:00 ; elapsed = 00:00:00.009 . Memory (MB): peak = 1222.023 ; gain = 0.000
INFO: [Project 1-570] Preparing netlist for logic optimization

Processing XDC Constraints
Initializing timing engine
Parsing XDC File [C:/kyh/0612/0612.srcs/constrs_1/imports/Downloads/Basys-3-Master.xdc]
WARNING: [Vivado 12-584] No ports matched 'seg_7[7]'. [C:/kyh/0612/0612.srcs/constrs_1/imports/Downloads/Basys-3-Master.xdc:50]
CRITICAL WARNING: [Common 17-55] 'set_property' expects at least one object. [C:/kyh/0612/0612.srcs/constrs_1/imports/Downloads/Basys-3-Master.xdc:50]
Resolution: If [get_<value>] was used to populate the object, check to make sure this command returns at least one valid object.
WARNING: [Vivado 12-584] No ports matched 'seg_7[6]'. [C:/kyh/0612/0612.srcs/constrs_1/imports/Downloads/Basys-3-Master.xdc:51]
CRITICAL WARNING: [Common 17-55] 'set_property' expects at least one object. [C:/kyh/0612/0612.srcs/constrs_1/imports/Downloads/Basys-3-Master.xdc:51]
Resolution: If [get_<value>] was used to populate the object, check to make sure this command returns at least one valid object.
WARNING: [Vivado 12-584] No ports matched 'seg_7[5]'. [C:/kyh/0612/0612.srcs/constrs_1/imports/Downloads/Basys-3-Master.xdc:52]
CRITICAL WARNING: [Common 17-55] 'set_property' expects at least one object. [C:/kyh/0612/0612.srcs/constrs_1/imports/Downloads/Basys-3-Master.xdc:52]
Resolution: If [get_<value>] was used to populate the object, check to make sure this command returns at least one valid object.
WARNING: [Vivado 12-584] No ports matched 'seg_7[4]'. [C:/kyh/0612/0612.srcs/constrs_1/imports/Downloads/Basys-3-Master.xdc:53]
CRITICAL WARNING: [Common 17-55] 'set_property' expects at least one object. [C:/kyh/0612/0612.srcs/constrs_1/imports/Downloads/Basys-3-Master.xdc:53]
Resolution: If [get_<value>] was used to populate the object, check to make sure this command returns at least one valid object.
WARNING: [Vivado 12-584] No ports matched 'seg_7[3]'. [C:/kyh/0612/0612.srcs/constrs_1/imports/Downloads/Basys-3-Master.xdc:54]
CRITICAL WARNING: [Common 17-55] 'set_property' expects at least one object. [C:/kyh/0612/0612.srcs/constrs_1/imports/Downloads/Basys-3-Master.xdc:54]
Resolution: If [get_<value>] was used to populate the object, check to make sure this command returns at least one valid object.
WARNING: [Vivado 12-584] No ports matched 'seg_7[2]'. [C:/kyh/0612/0612.srcs/constrs_1/imports/Downloads/Basys-3-Master.xdc:55]
CRITICAL WARNING: [Common 17-55] 'set_property' expects at least one object. [C:/kyh/0612/0612.srcs/constrs_1/imports/Downloads/Basys-3-Master.xdc:55]
Resolution: If [get_<value>] was used to populate the object, check to make sure this command returns at least one valid object.
WARNING: [Vivado 12-584] No ports matched 'seg_7[1]'. [C:/kyh/0612/0612.srcs/constrs_1/imports/Downloads/Basys-3-Master.xdc:56]
CRITICAL WARNING: [Common 17-55] 'set_property' expects at least one object. [C:/kyh/0612/0612.srcs/constrs_1/imports/Downloads/Basys-3-Master.xdc:56]
Resolution: If [get_<value>] was used to populate the object, check to make sure this command returns at least one valid object.
WARNING: [Vivado 12-584] No ports matched 'seg_7[0]'. [C:/kyh/0612/0612.srcs/constrs_1/imports/Downloads/Basys-3-Master.xdc:58]
CRITICAL WARNING: [Common 17-55] 'set_property' expects at least one object. [C:/kyh/0612/0612.srcs/constrs_1/imports/Downloads/Basys-3-Master.xdc:58]
Resolution: If [get_<value>] was used to populate the object, check to make sure this command returns at least one valid object.
WARNING: [Vivado 12-584] No ports matched 'com[0]'. [C:/kyh/0612/0612.srcs/constrs_1/imports/Downloads/Basys-3-Master.xdc:60]
CRITICAL WARNING: [Common 17-55] 'set_property' expects at least one object. [C:/kyh/0612/0612.srcs/constrs_1/imports/Downloads/Basys-3-Master.xdc:60]
Resolution: If [get_<value>] was used to populate the object, check to make sure this command returns at least one valid object.
WARNING: [Vivado 12-584] No ports matched 'com[1]'. [C:/kyh/0612/0612.srcs/constrs_1/imports/Downloads/Basys-3-Master.xdc:61]
CRITICAL WARNING: [Common 17-55] 'set_property' expects at least one object. [C:/kyh/0612/0612.srcs/constrs_1/imports/Downloads/Basys-3-Master.xdc:61]
Resolution: If [get_<value>] was used to populate the object, check to make sure this command returns at least one valid object.
WARNING: [Vivado 12-584] No ports matched 'com[2]'. [C:/kyh/0612/0612.srcs/constrs_1/imports/Downloads/Basys-3-Master.xdc:62]
CRITICAL WARNING: [Common 17-55] 'set_property' expects at least one object. [C:/kyh/0612/0612.srcs/constrs_1/imports/Downloads/Basys-3-Master.xdc:62]
Resolution: If [get_<value>] was used to populate the object, check to make sure this command returns at least one valid object.
WARNING: [Vivado 12-584] No ports matched 'com[3]'. [C:/kyh/0612/0612.srcs/constrs_1/imports/Downloads/Basys-3-Master.xdc:63]
CRITICAL WARNING: [Common 17-55] 'set_property' expects at least one object. [C:/kyh/0612/0612.srcs/constrs_1/imports/Downloads/Basys-3-Master.xdc:63]
Resolution: If [get_<value>] was used to populate the object, check to make sure this command returns at least one valid object.
Finished Parsing XDC File [C:/kyh/0612/0612.srcs/constrs_1/imports/Downloads/Basys-3-Master.xdc]
INFO: [Project 1-236] Implementation specific constraints were found while reading constraint file [C:/kyh/0612/0612.srcs/constrs_1/imports/Downloads/Basys-3-Master.xdc]. These constraints will be ignored for synthesis but will be used in implementation. Impacted constraints are listed in the file [.Xil/i2c_txtlcd_top_propImpl.xdc].
Resolution: To avoid this warning, move constraints listed in [.Xil/i2c_txtlcd_top_propImpl.xdc] to another XDC file and exclude this new file from synthesis with the used_in_synthesis property (File Properties dialog in GUI) and re-run elaboration/synthesis.
Completed Processing XDC Constraints

Netlist sorting complete. Time (s): cpu = 00:00:00 ; elapsed = 00:00:00.001 . Memory (MB): peak = 1341.430 ; gain = 0.000
INFO: [Project 1-111] Unisim Transformation Summary:
No Unisim elements were transformed.

Constraint Validation Runtime : Time (s): cpu = 00:00:00 ; elapsed = 00:00:00.006 . Memory (MB): peak = 1341.430 ; gain = 0.000
---------------------------------------------------------------------------------
Finished Constraint Validation : Time (s): cpu = 00:00:16 ; elapsed = 00:00:18 . Memory (MB): peak = 1341.430 ; gain = 402.309
---------------------------------------------------------------------------------
---------------------------------------------------------------------------------
Start Loading Part and Timing Information
---------------------------------------------------------------------------------
Loading part: xc7a35tcpg236-1
---------------------------------------------------------------------------------
Finished Loading Part and Timing Information : Time (s): cpu = 00:00:16 ; elapsed = 00:00:18 . Memory (MB): peak = 1341.430 ; gain = 402.309
---------------------------------------------------------------------------------
---------------------------------------------------------------------------------
Start Applying 'set_property' XDC Constraints
---------------------------------------------------------------------------------
---------------------------------------------------------------------------------
Finished applying 'set_property' XDC Constraints : Time (s): cpu = 00:00:16 ; elapsed = 00:00:18 . Memory (MB): peak = 1341.430 ; gain = 402.309
---------------------------------------------------------------------------------
INFO: [Synth 8-4471] merging register 'comm_go_reg' into 'count_usec_e_reg' [C:/kyh/0612/0612.srcs/sources_1/new/controler.v:905]
---------------------------------------------------------------------------------
Finished RTL Optimization Phase 2 : Time (s): cpu = 00:00:16 ; elapsed = 00:00:18 . Memory (MB): peak = 1341.430 ; gain = 402.309
---------------------------------------------------------------------------------

Report RTL Partitions: 
+-+--------------+------------+----------+
| |RTL Partition |Replication |Instances |
+-+--------------+------------+----------+
+-+--------------+------------+----------+
---------------------------------------------------------------------------------
Start RTL Component Statistics 
---------------------------------------------------------------------------------
Detailed RTL Component Info : 
+---Adders : 
	   2 Input      7 Bit       Adders := 3     
	   2 Input      4 Bit       Adders := 2     
	   2 Input      3 Bit       Adders := 2     
+---Registers : 
	               40 Bit    Registers := 1     
	                8 Bit    Registers := 2     
	                7 Bit    Registers := 5     
	                6 Bit    Registers := 4     
	                4 Bit    Registers := 2     
	                3 Bit    Registers := 2     
	                1 Bit    Registers := 41    
+---Muxes : 
	   2 Input      8 Bit        Muxes := 1     
	   7 Input      8 Bit        Muxes := 1     
	   2 Input      7 Bit        Muxes := 3     
	   8 Input      7 Bit        Muxes := 1     
	   2 Input      6 Bit        Muxes := 2     
	   7 Input      6 Bit        Muxes := 1     
	   6 Input      6 Bit        Muxes := 1     
	   2 Input      5 Bit        Muxes := 2     
	   2 Input      4 Bit        Muxes := 4     
	   6 Input      4 Bit        Muxes := 1     
	   2 Input      3 Bit        Muxes := 3     
	   2 Input      1 Bit        Muxes := 53    
	   8 Input      1 Bit        Muxes := 7     
	   7 Input      1 Bit        Muxes := 6     
	   6 Input      1 Bit        Muxes := 8     
---------------------------------------------------------------------------------
Finished RTL Component Statistics 
---------------------------------------------------------------------------------
---------------------------------------------------------------------------------
Start RTL Hierarchical Component Statistics 
---------------------------------------------------------------------------------
Hierarchical RTL Component report 
Module i2c_txtlcd_top 
Detailed RTL Component Info : 
+---Adders : 
	   2 Input      4 Bit       Adders := 2     
+---Registers : 
	               40 Bit    Registers := 1     
	                8 Bit    Registers := 1     
	                6 Bit    Registers := 2     
	                4 Bit    Registers := 2     
	                1 Bit    Registers := 4     
+---Muxes : 
	   2 Input      8 Bit        Muxes := 1     
	   7 Input      8 Bit        Muxes := 1     
	   2 Input      6 Bit        Muxes := 1     
	   6 Input      6 Bit        Muxes := 1     
	   2 Input      5 Bit        Muxes := 2     
	   2 Input      4 Bit        Muxes := 4     
	   6 Input      4 Bit        Muxes := 1     
	   2 Input      1 Bit        Muxes := 20    
	   6 Input      1 Bit        Muxes := 8     
	   7 Input      1 Bit        Muxes := 1     
Module edge_detector_n 
Detailed RTL Component Info : 
+---Registers : 
	                1 Bit    Registers := 2     
+---Muxes : 
	   2 Input      1 Bit        Muxes := 2     
Module clock_div_100 
Detailed RTL Component Info : 
+---Adders : 
	   2 Input      7 Bit       Adders := 1     
+---Registers : 
	                7 Bit    Registers := 1     
+---Muxes : 
	   2 Input      7 Bit        Muxes := 1     
Module edge_detector_p 
Detailed RTL Component Info : 
+---Registers : 
	                1 Bit    Registers := 2     
+---Muxes : 
	   2 Input      1 Bit        Muxes := 2     
Module button_cntr 
Detailed RTL Component Info : 
+---Registers : 
	                1 Bit    Registers := 1     
Module I2C_master 
Detailed RTL Component Info : 
+---Adders : 
	   2 Input      3 Bit       Adders := 2     
+---Registers : 
	                7 Bit    Registers := 2     
	                3 Bit    Registers := 2     
	                1 Bit    Registers := 3     
+---Muxes : 
	   8 Input      7 Bit        Muxes := 1     
	   2 Input      6 Bit        Muxes := 1     
	   2 Input      3 Bit        Muxes := 3     
	   2 Input      1 Bit        Muxes := 4     
	   8 Input      1 Bit        Muxes := 7     
Module i2c_lcd_send_byte 
Detailed RTL Component Info : 
+---Registers : 
	                8 Bit    Registers := 1     
	                6 Bit    Registers := 2     
	                1 Bit    Registers := 2     
+---Muxes : 
	   7 Input      6 Bit        Muxes := 1     
	   7 Input      1 Bit        Muxes := 5     
	   2 Input      1 Bit        Muxes := 1     
---------------------------------------------------------------------------------
Finished RTL Hierarchical Component Statistics
---------------------------------------------------------------------------------
---------------------------------------------------------------------------------
Start Part Resource Summary
---------------------------------------------------------------------------------
Part Resources:
DSPs: 90 (col length:60)
BRAMs: 100 (col length: RAMB18 60 RAMB36 30)
---------------------------------------------------------------------------------
Finished Part Resource Summary
---------------------------------------------------------------------------------
---------------------------------------------------------------------------------
Start Cross Boundary and Area Optimization
---------------------------------------------------------------------------------
Warning: Parallel synthesis criteria is not met 
INFO: [Synth 8-4471] merging register 'btn1/ed_clk/ff_cur_reg' into 'btn0/ed_clk/ff_cur_reg' [C:/kyh/0612/0612.srcs/sources_1/new/exam02_sequential_logic.v:277]
INFO: [Synth 8-4471] merging register 'btn2/ed_clk/ff_cur_reg' into 'btn0/ed_clk/ff_cur_reg' [C:/kyh/0612/0612.srcs/sources_1/new/exam02_sequential_logic.v:277]
INFO: [Synth 8-4471] merging register 'btn3/ed_clk/ff_cur_reg' into 'btn0/ed_clk/ff_cur_reg' [C:/kyh/0612/0612.srcs/sources_1/new/exam02_sequential_logic.v:277]
INFO: [Synth 8-4471] merging register 'btn1/ed_clk/ff_old_reg' into 'btn0/ed_clk/ff_old_reg' [C:/kyh/0612/0612.srcs/sources_1/new/exam02_sequential_logic.v:278]
INFO: [Synth 8-4471] merging register 'btn2/ed_clk/ff_old_reg' into 'btn0/ed_clk/ff_old_reg' [C:/kyh/0612/0612.srcs/sources_1/new/exam02_sequential_logic.v:278]
INFO: [Synth 8-4471] merging register 'btn3/ed_clk/ff_old_reg' into 'btn0/ed_clk/ff_old_reg' [C:/kyh/0612/0612.srcs/sources_1/new/exam02_sequential_logic.v:278]
WARNING: [Synth 8-3331] design i2c_txtlcd_top has unconnected port led_debug[15]
WARNING: [Synth 8-3331] design i2c_txtlcd_top has unconnected port led_debug[14]
WARNING: [Synth 8-3331] design i2c_txtlcd_top has unconnected port led_debug[13]
WARNING: [Synth 8-3331] design i2c_txtlcd_top has unconnected port led_debug[12]
WARNING: [Synth 8-3331] design i2c_txtlcd_top has unconnected port led_debug[11]
WARNING: [Synth 8-3331] design i2c_txtlcd_top has unconnected port led_debug[10]
WARNING: [Synth 8-3331] design i2c_txtlcd_top has unconnected port led_debug[9]
WARNING: [Synth 8-3331] design i2c_txtlcd_top has unconnected port led_debug[8]
WARNING: [Synth 8-3331] design i2c_txtlcd_top has unconnected port led_debug[7]
WARNING: [Synth 8-3331] design i2c_txtlcd_top has unconnected port led_debug[6]
WARNING: [Synth 8-3331] design i2c_txtlcd_top has unconnected port led_debug[5]
WARNING: [Synth 8-3331] design i2c_txtlcd_top has unconnected port led_debug[4]
WARNING: [Synth 8-3331] design i2c_txtlcd_top has unconnected port led_debug[3]
WARNING: [Synth 8-3331] design i2c_txtlcd_top has unconnected port led_debug[2]
WARNING: [Synth 8-3331] design i2c_txtlcd_top has unconnected port led_debug[1]
WARNING: [Synth 8-3331] design i2c_txtlcd_top has unconnected port led_debug[0]
INFO: [Synth 8-3333] propagating constant 0 across sequential element (\next_state_reg[5] )
INFO: [Synth 8-3333] propagating constant 0 across sequential element (\hello_reg[7] )
INFO: [Synth 8-3333] propagating constant 0 across sequential element (\hello_reg[15] )
INFO: [Synth 8-3333] propagating constant 0 across sequential element (\hello_reg[23] )
INFO: [Synth 8-3333] propagating constant 0 across sequential element (\hello_reg[31] )
INFO: [Synth 8-3333] propagating constant 0 across sequential element (\hello_reg[39] )
INFO: [Synth 8-3333] propagating constant 1 across sequential element (\hello_reg[3] )
INFO: [Synth 8-3333] propagating constant 1 across sequential element (\hello_reg[11] )
INFO: [Synth 8-3333] propagating constant 1 across sequential element (\hello_reg[19] )
INFO: [Synth 8-3333] propagating constant 0 across sequential element (\hello_reg[27] )
INFO: [Synth 8-3333] propagating constant 1 across sequential element (\hello_reg[35] )
INFO: [Synth 8-3333] propagating constant 1 across sequential element (\hello_reg[6] )
INFO: [Synth 8-3333] propagating constant 1 across sequential element (\hello_reg[14] )
INFO: [Synth 8-3333] propagating constant 1 across sequential element (\hello_reg[22] )
INFO: [Synth 8-3333] propagating constant 1 across sequential element (\hello_reg[30] )
INFO: [Synth 8-3333] propagating constant 1 across sequential element (\hello_reg[38] )
INFO: [Synth 8-3333] propagating constant 1 across sequential element (\hello_reg[2] )
INFO: [Synth 8-3333] propagating constant 1 across sequential element (\hello_reg[10] )
INFO: [Synth 8-3333] propagating constant 1 across sequential element (\hello_reg[18] )
INFO: [Synth 8-3333] propagating constant 1 across sequential element (\hello_reg[26] )
INFO: [Synth 8-3333] propagating constant 0 across sequential element (\hello_reg[34] )
INFO: [Synth 8-3333] propagating constant 0 across sequential element (\hello_reg[5] )
INFO: [Synth 8-3333] propagating constant 0 across sequential element (\hello_reg[13] )
INFO: [Synth 8-3333] propagating constant 0 across sequential element (\hello_reg[21] )
INFO: [Synth 8-3333] propagating constant 0 across sequential element (\hello_reg[29] )
INFO: [Synth 8-3333] propagating constant 0 across sequential element (\hello_reg[37] )
INFO: [Synth 8-3333] propagating constant 1 across sequential element (\hello_reg[1] )
INFO: [Synth 8-3333] propagating constant 0 across sequential element (\hello_reg[9] )
INFO: [Synth 8-3333] propagating constant 0 across sequential element (\hello_reg[17] )
INFO: [Synth 8-3333] propagating constant 0 across sequential element (\hello_reg[25] )
INFO: [Synth 8-3333] propagating constant 0 across sequential element (\hello_reg[33] )
INFO: [Synth 8-3333] propagating constant 0 across sequential element (\hello_reg[4] )
INFO: [Synth 8-3333] propagating constant 0 across sequential element (\hello_reg[12] )
INFO: [Synth 8-3333] propagating constant 0 across sequential element (\hello_reg[20] )
INFO: [Synth 8-3333] propagating constant 0 across sequential element (\hello_reg[28] )
INFO: [Synth 8-3333] propagating constant 0 across sequential element (\hello_reg[36] )
INFO: [Synth 8-3333] propagating constant 1 across sequential element (\hello_reg[0] )
INFO: [Synth 8-3333] propagating constant 0 across sequential element (\hello_reg[8] )
INFO: [Synth 8-3333] propagating constant 0 across sequential element (\hello_reg[16] )
INFO: [Synth 8-3333] propagating constant 1 across sequential element (\hello_reg[24] )
INFO: [Synth 8-3333] propagating constant 0 across sequential element (\hello_reg[32] )
INFO: [Synth 8-3333] propagating constant 0 across sequential element (\txtlcd/data_reg[1] )
INFO: [Synth 8-3333] propagating constant 0 across sequential element (\send_buffer_reg[7] )
---------------------------------------------------------------------------------
Finished Cross Boundary and Area Optimization : Time (s): cpu = 00:00:20 ; elapsed = 00:00:22 . Memory (MB): peak = 1341.430 ; gain = 402.309
---------------------------------------------------------------------------------

Report RTL Partitions: 
+-+--------------+------------+----------+
| |RTL Partition |Replication |Instances |
+-+--------------+------------+----------+
+-+--------------+------------+----------+
---------------------------------------------------------------------------------
Start Applying XDC Timing Constraints
---------------------------------------------------------------------------------
---------------------------------------------------------------------------------
Finished Applying XDC Timing Constraints : Time (s): cpu = 00:00:29 ; elapsed = 00:00:32 . Memory (MB): peak = 1341.430 ; gain = 402.309
---------------------------------------------------------------------------------
---------------------------------------------------------------------------------
Start Timing Optimization
---------------------------------------------------------------------------------
---------------------------------------------------------------------------------
Finished Timing Optimization : Time (s): cpu = 00:00:30 ; elapsed = 00:00:33 . Memory (MB): peak = 1341.930 ; gain = 402.809
---------------------------------------------------------------------------------

Report RTL Partitions: 
+-+--------------+------------+----------+
| |RTL Partition |Replication |Instances |
+-+--------------+------------+----------+
+-+--------------+------------+----------+
---------------------------------------------------------------------------------
Start Technology Mapping
---------------------------------------------------------------------------------
---------------------------------------------------------------------------------
Finished Technology Mapping : Time (s): cpu = 00:00:30 ; elapsed = 00:00:33 . Memory (MB): peak = 1344.668 ; gain = 405.547
---------------------------------------------------------------------------------

Report RTL Partitions: 
+-+--------------+------------+----------+
| |RTL Partition |Replication |Instances |
+-+--------------+------------+----------+
+-+--------------+------------+----------+
---------------------------------------------------------------------------------
Start IO Insertion
---------------------------------------------------------------------------------
---------------------------------------------------------------------------------
Start Flattening Before IO Insertion
---------------------------------------------------------------------------------
---------------------------------------------------------------------------------
Finished Flattening Before IO Insertion
---------------------------------------------------------------------------------
---------------------------------------------------------------------------------
Start Final Netlist Cleanup
---------------------------------------------------------------------------------
---------------------------------------------------------------------------------
Finished Final Netlist Cleanup
---------------------------------------------------------------------------------
---------------------------------------------------------------------------------
Finished IO Insertion : Time (s): cpu = 00:00:36 ; elapsed = 00:00:40 . Memory (MB): peak = 1351.406 ; gain = 412.285
---------------------------------------------------------------------------------
---------------------------------------------------------------------------------
Start Renaming Generated Instances
---------------------------------------------------------------------------------
---------------------------------------------------------------------------------
Finished Renaming Generated Instances : Time (s): cpu = 00:00:36 ; elapsed = 00:00:40 . Memory (MB): peak = 1351.406 ; gain = 412.285
---------------------------------------------------------------------------------

Report RTL Partitions: 
+-+--------------+------------+----------+
| |RTL Partition |Replication |Instances |
+-+--------------+------------+----------+
+-+--------------+------------+----------+

Report Check Netlist: 
+------+------------------+-------+---------+-------+------------------+
|      |Item              |Errors |Warnings |Status |Description       |
+------+------------------+-------+---------+-------+------------------+
|1     |multi_driven_nets |      0|        0|Passed |Multi driven nets |
+------+------------------+-------+---------+-------+------------------+
---------------------------------------------------------------------------------
Start Rebuilding User Hierarchy
---------------------------------------------------------------------------------
---------------------------------------------------------------------------------
Finished Rebuilding User Hierarchy : Time (s): cpu = 00:00:36 ; elapsed = 00:00:40 . Memory (MB): peak = 1351.406 ; gain = 412.285
---------------------------------------------------------------------------------
---------------------------------------------------------------------------------
Start Renaming Generated Ports
---------------------------------------------------------------------------------
---------------------------------------------------------------------------------
Finished Renaming Generated Ports : Time (s): cpu = 00:00:36 ; elapsed = 00:00:40 . Memory (MB): peak = 1351.406 ; gain = 412.285
---------------------------------------------------------------------------------
---------------------------------------------------------------------------------
Start Handling Custom Attributes
---------------------------------------------------------------------------------
---------------------------------------------------------------------------------
Finished Handling Custom Attributes : Time (s): cpu = 00:00:36 ; elapsed = 00:00:40 . Memory (MB): peak = 1351.406 ; gain = 412.285
---------------------------------------------------------------------------------
---------------------------------------------------------------------------------
Start Renaming Generated Nets
---------------------------------------------------------------------------------
---------------------------------------------------------------------------------
Finished Renaming Generated Nets : Time (s): cpu = 00:00:36 ; elapsed = 00:00:40 . Memory (MB): peak = 1351.406 ; gain = 412.285
---------------------------------------------------------------------------------
---------------------------------------------------------------------------------
Start Writing Synthesis Report
---------------------------------------------------------------------------------

Report BlackBoxes: 
+-+--------------+----------+
| |BlackBox name |Instances |
+-+--------------+----------+
+-+--------------+----------+

Report Cell Usage: 
+------+-------+------+
|      |Cell   |Count |
+------+-------+------+
|1     |BUFG   |     1|
|2     |CARRY4 |    17|
|3     |LUT1   |     4|
|4     |LUT2   |    19|
|5     |LUT3   |    17|
|6     |LUT4   |    60|
|7     |LUT5   |    31|
|8     |LUT6   |    63|
|9     |FDCE   |   143|
|10    |FDPE   |    11|
|11    |FDRE   |    26|
|12    |IBUF   |     5|
|13    |OBUF   |     1|
|14    |OBUFT  |    17|
+------+-------+------+

Report Instance Areas: 
+------+---------------+-------------------+------+
|      |Instance       |Module             |Cells |
+------+---------------+-------------------+------+
|1     |top            |                   |   415|
|2     |  btn0         |button_cntr        |    30|
|3     |    ed_btn     |edge_detector_p_10 |     3|
|4     |    ed_clk     |edge_detector_p_11 |     3|
|5     |  btn1         |button_cntr_0      |     5|
|6     |    ed_btn     |edge_detector_p_9  |     4|
|7     |  btn2         |button_cntr_1      |     5|
|8     |    ed_btn     |edge_detector_p    |     4|
|9     |  txtlcd       |i2c_lcd_send_byte  |   218|
|10    |    ed_go      |edge_detector_n_2  |     5|
|11    |    master     |I2C_master         |    83|
|12    |      ed       |edge_detector_n_5  |    12|
|13    |      ed_go    |edge_detector_n_6  |     3|
|14    |      usec_clk |clock_div_100_7    |    20|
|15    |        ed     |edge_detector_n_8  |     4|
|16    |    usec_clk   |clock_div_100_3    |    49|
|17    |      ed       |edge_detector_n_4  |    33|
|18    |  usec_clk     |clock_div_100      |    49|
|19    |    ed         |edge_detector_n    |    33|
+------+---------------+-------------------+------+
---------------------------------------------------------------------------------
Finished Writing Synthesis Report : Time (s): cpu = 00:00:36 ; elapsed = 00:00:40 . Memory (MB): peak = 1351.406 ; gain = 412.285
---------------------------------------------------------------------------------
Synthesis finished with 0 errors, 0 critical warnings and 16 warnings.
Synthesis Optimization Runtime : Time (s): cpu = 00:00:26 ; elapsed = 00:00:37 . Memory (MB): peak = 1351.406 ; gain = 292.879
Synthesis Optimization Complete : Time (s): cpu = 00:00:36 ; elapsed = 00:00:40 . Memory (MB): peak = 1351.406 ; gain = 412.285
INFO: [Project 1-571] Translating synthesized netlist
Netlist sorting complete. Time (s): cpu = 00:00:00 ; elapsed = 00:00:00.013 . Memory (MB): peak = 1363.516 ; gain = 0.000
INFO: [Netlist 29-17] Analyzing 17 Unisim elements for replacement
INFO: [Netlist 29-28] Unisim Transformation completed in 0 CPU seconds
INFO: [Project 1-570] Preparing netlist for logic optimization
INFO: [Opt 31-138] Pushed 0 inverter(s) to 0 load pin(s).
Netlist sorting complete. Time (s): cpu = 00:00:00 ; elapsed = 00:00:00 . Memory (MB): peak = 1363.516 ; gain = 0.000
INFO: [Project 1-111] Unisim Transformation Summary:
No Unisim elements were transformed.

INFO: [Common 17-83] Releasing license: Synthesis
81 Infos, 92 Warnings, 12 Critical Warnings and 0 Errors encountered.
synth_design completed successfully
synth_design: Time (s): cpu = 00:00:43 ; elapsed = 00:00:49 . Memory (MB): peak = 1363.516 ; gain = 707.066
Netlist sorting complete. Time (s): cpu = 00:00:00 ; elapsed = 00:00:00.001 . Memory (MB): peak = 1363.516 ; gain = 0.000
WARNING: [Constraints 18-5210] No constraints selected for write.
Resolution: This message can indicate that there are no constraints for the design, or it can indicate that the used_in flags are set such that the constraints are ignored. This later case is used when running synth_design to not write synthesis constraints to the resulting checkpoint. Instead, project constraints are read when the synthesized design is opened.
INFO: [Common 17-1381] The checkpoint 'C:/kyh/0612/0612.runs/synth_1/i2c_txtlcd_top.dcp' has been generated.
INFO: [runtcl-4] Executing : report_utilization -file i2c_txtlcd_top_utilization_synth.rpt -pb i2c_txtlcd_top_utilization_synth.pb
INFO: [Common 17-206] Exiting Vivado at Fri Aug 23 10:49:58 2024...
